\BOOKMARK [1][-]{section.1}{\376\377\230\171\166\356\173\200\116\313}{}% 1
\BOOKMARK [1][-]{section.2}{\376\377\230\171\166\356\213\276\213\241\166\356\150\007}{}% 2
\BOOKMARK [1][-]{section.3}{\376\377\230\171\166\356\213\276\213\241\116\016\133\236\163\260}{}% 3
\BOOKMARK [2][-]{subsection.3.1}{\376\377\170\154\116\366\213\276\213\241}{section.3}% 4
\BOOKMARK [3][-]{subsubsection.3.1.1}{\376\377\174\373\176\337\140\073\117\123\147\266\147\204}{subsection.3.1}% 5
\BOOKMARK [3][-]{subsubsection.3.1.2}{\376\377\116\073\143\247\122\066\126\150\152\041\127\127}{subsection.3.1}% 6
\BOOKMARK [3][-]{subsubsection.3.1.3}{\376\377\176\242\131\026\143\245\145\066\152\041\127\127}{subsection.3.1}% 7
\BOOKMARK [3][-]{subsubsection.3.1.4}{\376\377\165\065\147\072\232\161\122\250\152\041\127\127}{subsection.3.1}% 8
\BOOKMARK [3][-]{subsubsection.3.1.5}{\376\377\165\065\156\220\152\041\127\127}{subsection.3.1}% 9
\BOOKMARK [3][-]{subsubsection.3.1.6}{\376\377\165\050\142\067\143\007\171\072\152\041\127\127}{subsection.3.1}% 10
\BOOKMARK [2][-]{subsection.3.2}{\376\377\217\157\116\366\213\276\213\241}{section.3}% 11
\BOOKMARK [3][-]{subsubsection.3.2.1}{\376\377\174\373\176\337\217\157\116\366\147\266\147\204}{subsection.3.2}% 12
\BOOKMARK [3][-]{subsubsection.3.2.2}{\376\377\116\073\172\013\136\217\155\101\172\013}{subsection.3.2}% 13
\BOOKMARK [3][-]{subsubsection.3.2.3}{\376\377\176\242\131\026\211\343\170\001\123\117\213\256\133\236\163\260}{subsection.3.2}% 14
\BOOKMARK [2][-]{subsection.3.3}{\376\377\116\343\170\001\116\313\176\315}{section.3}% 15
\BOOKMARK [3][-]{subsubsection.3.3.1}{\376\377\122\035\131\313\123\026\124\214\221\115\177\156}{subsection.3.3}% 16
\BOOKMARK [3][-]{subsubsection.3.3.2}{\376\377\116\073\122\237\200\375\133\236\163\260}{subsection.3.3}% 17
\BOOKMARK [3][-]{subsubsection.3.3.3}{\376\377\162\171\133\232\147\141\116\366\124\315\136\224}{subsection.3.3}% 18
\BOOKMARK [3][-]{subsubsection.3.3.4}{\376\377\137\252\163\257\117\123\176\323\147\204}{subsection.3.3}% 19
\BOOKMARK [2][-]{subsection.3.4}{\376\377\142\200\147\057\133\236\163\260\176\306\202\202}{section.3}% 20
\BOOKMARK [3][-]{subsubsection.3.4.1}{\376\377\000P\000W\000M\214\003\220\037\133\236\163\260}{subsection.3.4}% 21
\BOOKMARK [3][-]{subsubsection.3.4.2}{\376\377\176\242\131\026\211\343\170\001\117\030\123\026}{subsection.3.4}% 22
\BOOKMARK [3][-]{subsubsection.3.4.3}{\376\377\117\116\122\237\200\027\213\276\213\241}{subsection.3.4}% 23
\BOOKMARK [1][-]{section.4}{\376\377\122\237\200\375\134\125\171\072}{}% 24
\BOOKMARK [2][-]{subsection.4.1}{\376\377\122\237\200\375\143\317\217\360}{section.4}% 25
\BOOKMARK [3][-]{subsubsection.4.1.1}{\376\377\127\372\170\100\143\247\122\066\122\237\200\375}{subsection.4.1}% 26
\BOOKMARK [3][-]{subsubsection.4.1.2}{\376\377\130\236\137\072\122\237\200\375}{subsection.4.1}% 27
\BOOKMARK [2][-]{subsection.4.2}{\376\377\157\024\171\072\176\323\147\234}{section.4}% 28
\BOOKMARK [3][-]{subsubsection.4.2.1}{\376\377\127\372\170\100\122\237\200\375\155\113\213\325}{subsection.4.2}% 29
\BOOKMARK [3][-]{subsubsection.4.2.2}{\376\377\232\330\176\247\122\237\200\375\232\214\213\301}{subsection.4.2}% 30
\BOOKMARK [3][-]{subsubsection.4.2.3}{\376\377\174\373\176\337\145\164\117\123\134\125\171\072}{subsection.4.2}% 31
\BOOKMARK [1][-]{section.5}{\376\377\162\151\145\231\116\016\142\020\147\054}{}% 32
\BOOKMARK [2][-]{subsection.5.1}{\376\377\162\151\145\231\156\005\123\125}{section.5}% 33
\BOOKMARK [2][-]{subsection.5.2}{\376\377\230\171\166\356\142\020\147\054}{section.5}% 34
\BOOKMARK [2][-]{subsection.5.3}{\376\377\143\137\200\027\116\016\143\137\127\117}{section.5}% 35
\BOOKMARK [2][-]{subsection.5.4}{\376\377\116\073\211\201\162\151\145\231\126\376\162\107\134\125\171\072}{section.5}% 36
\BOOKMARK [1][-]{section.6}{\376\377\116\052\116\272\215\041\163\056}{}% 37
\BOOKMARK [2][-]{subsection.6.1}{\376\377\142\245\124\112\144\260\121\231}{section.6}% 38
\BOOKMARK [2][-]{subsection.6.2}{\376\377\177\026\170\001\135\345\117\134}{section.6}% 39
\BOOKMARK [2][-]{subsection.6.3}{\376\377\170\154\116\366\217\336\143\245}{section.6}% 40
\BOOKMARK [2][-]{subsection.6.4}{\376\377\215\104\147\054\142\225\121\145}{section.6}% 41
\BOOKMARK [2][-]{subsection.6.5}{\376\377\137\000\123\321\225\356\230\230\143\317\217\360\116\016\211\343\121\263\145\271\150\110}{section.6}% 42
\BOOKMARK [3][-]{subsubsection.6.5.1}{\376\377\176\242\131\026\117\341\123\367\136\162\142\160\225\356\230\230}{subsection.6.5}% 43
\BOOKMARK [3][-]{subsubsection.6.5.2}{\376\377\165\065\147\072\124\057\122\250\165\065\155\101\121\262\121\373}{subsection.6.5}% 44
\BOOKMARK [3][-]{subsubsection.6.5.3}{\376\377\000P\000W\000M\214\003\220\037\116\015\176\277\140\047}{subsection.6.5}% 45
\BOOKMARK [3][-]{subsubsection.6.5.4}{\376\377\174\373\176\337\137\205\147\072\122\237\200\027\120\117\232\330}{subsection.6.5}% 46
\BOOKMARK [1][-]{section.7}{\376\377\230\171\166\356\142\020\147\234\116\016\123\315\140\035}{}% 47
\BOOKMARK [2][-]{subsection.7.1}{\376\377\142\020\147\234\134\125\171\072}{section.7}% 48
\BOOKMARK [2][-]{subsection.7.2}{\376\377\230\171\166\356\213\304\117\060}{section.7}% 49
\BOOKMARK [3][-]{subsubsection.7.2.1}{\376\377\142\020\122\237\116\113\131\004}{subsection.7.2}% 50
\BOOKMARK [3][-]{subsubsection.7.2.2}{\376\377\116\015\215\263\116\113\131\004}{subsection.7.2}% 51
\BOOKMARK [2][-]{subsection.7.3}{\376\377\116\052\116\272\123\315\140\035}{section.7}% 52
\BOOKMARK [1][-]{appendix.A}{\376\377\000=\213\276\213\241\126\376\176\270}{}% 53
\BOOKMARK [1][-]{appendix.B}{\376\377\000=\116\343\170\001\156\005\123\125}{}% 54
\BOOKMARK [1][-]{appendix.B}{\376\377\123\302\200\003\145\207\163\056}{}% 55
